[15 01 18 12: 11: è[æü] : bienvenido a powerLiftingC

[15 01 18 12: 11: ] atleta_1: Ha llegado a la tarima 1
[15 01 18 12: 11: ] atleta_2: Ha llegado a la tarima 1
[15 01 18 12: 11: ] atleta_3: Ha llegado a la tarima 1
[15 01 18 12: 11: ] atleta_1: entra en la tarima 1
[15 01 18 12: 11: ] atleta_3: Ha tenido un problema y no va a poder subir a la tarima
[15 01 18 12: 11: ] atleta_1: tiene una puntuacion de 124
[15 01 18 12: 11: ] atleta_2: entra en la tarima 1
[15 01 18 12: 11: ] atleta_4: Ha llegado a la tarima 2
[15 01 18 12: 11: ] atleta_5: Ha llegado a la tarima 2
[15 01 18 12: 11: ] atleta_6: Ha llegado a la tarima 2
[15 01 18 12: 11: ] atleta_7: Ha llegado a la tarima 2
[15 01 18 12: 11: ] atleta_8: Ha llegado a la tarima 2
[15 01 18 12: 11: ] atleta_4: Ha tenido un problema y no va a poder subir a la tarima
[15 01 18 12: 11: ] atleta_2: tiene una puntuacion de 231
[15 01 18 12: 11: ] atleta_9: Ha llegado a la tarima 1
[15 01 18 12: 11: ] atleta_10: Ha llegado a la tarima 1
[15 01 18 12: 11: ] atleta_5: entra en la tarima 2
[15 01 18 12: 11: ] atleta_5: tiene una puntuacion de 90
[15 01 18 12: 11: ] atleta_6: entra en la tarima 2
[15 01 18 12: 11: ] atleta_9: entra en la tarima 1
[15 01 18 12: 11: ] atleta_6: tiene una puntuacion de 156
[15 01 18 12: 11: ] atleta_7: entra en la tarima 2
[15 01 18 12: 11: ] atleta_9: Ha tenido un problema y no va a poder subir a la tarima
[15 01 18 12: 11: d.ö3] el atleta_2: ha ganado con una puntuacion de 231
[15 01 18 12: 11: d.ö3] el atleta_6: ha quedado segundo con una puntuacion de 156
[15 01 18 12: 11: d.ö3] el atleta_1: ha quedado tercero con una puntuacion de 124
